<?xml version="1.0" encoding="UTF-8"?>
<!-- Generated by org.testng.reporters.JUnitReportReporter -->
<testsuite hostname="LAPTOP-1FO1BQSA" failures="0" tests="1" name="com.example.demo.ContentRefresh" time="53.234" errors="0" timestamp="2022-10-18T16:48:08 IST" skipped="0">
  <testcase classname="com.example.demo.ContentRefresh" name="test1" time="53.234"/>
  <system-out>
    <![CDATA[Total Content Load Time while Scrolling: 45 milliseconds]]>
  </system-out>
</testsuite> <!-- com.example.demo.ContentRefresh -->
