<?xml version="1.0" encoding="UTF-8"?>
<!-- Generated by org.testng.reporters.JUnitReportReporter -->
<testsuite hostname="LAPTOP-1FO1BQSA" failures="0" tests="1" name="com.example.demo.ProductSearch" time="48.929" errors="0" timestamp="2022-10-18T16:48:08 IST" skipped="0">
  <testcase classname="com.example.demo.ProductSearch" name="test1" time="48.929"/>
  <system-out>
    <![CDATA[Product searched successfully]]>
  </system-out>
</testsuite> <!-- com.example.demo.ProductSearch -->
