<?xml version="1.0" encoding="UTF-8"?>
<!-- Generated by org.testng.reporters.JUnitReportReporter -->
<testsuite hostname="LAPTOP-1FO1BQSA" failures="0" tests="1" name="com.example.demo.Imageload_Screenheight" time="44.582" errors="0" timestamp="2022-10-18T16:48:08 IST" skipped="0">
  <testcase classname="com.example.demo.Imageload_Screenheight" name="test1" time="44.582"/>
  <system-out>
    <![CDATA[Images are loaded and visible till the screen height only]]>
  </system-out>
</testsuite> <!-- com.example.demo.Imageload_Screenheight -->
