<?xml version="1.0" encoding="UTF-8"?>
<!-- Generated by org.testng.reporters.JUnitReportReporter -->
<testsuite hostname="LAPTOP-1FO1BQSA" failures="0" tests="1" name="com.example.demo.NewTest" time="25.322" errors="0" timestamp="2022-10-17T20:43:50 IST" skipped="0">
  <testcase classname="com.example.demo.NewTest" name="test1" time="25.322"/>
  <system-out/>
</testsuite> <!-- com.example.demo.NewTest -->
