<?xml version="1.0" encoding="UTF-8"?>
<!-- Generated by org.testng.reporters.JUnitReportReporter -->
<testsuite hostname="LAPTOP-1FO1BQSA" failures="0" tests="1" name="com.example.demo.Image_Load" time="23.854" errors="0" timestamp="2022-10-18T17:03:57 IST" skipped="0">
  <testcase classname="com.example.demo.Image_Load" name="test1" time="23.854"/>
  <system-out>
    <![CDATA[Image is not present before scrolling
Image is present after scrolling]]>
  </system-out>
</testsuite> <!-- com.example.demo.Image_Load -->
