<?xml version="1.0" encoding="UTF-8"?>
<!-- Generated by org.testng.reporters.JUnitReportReporter -->
<testsuite hostname="LAPTOP-1FO1BQSA" failures="0" tests="1" name="com.example.demo.Diffbrowser_Resolutn" time="66.950" errors="0" timestamp="2022-10-18T16:48:08 IST" skipped="0">
  <testcase classname="com.example.demo.Diffbrowser_Resolutn" name="test1" time="66.950"/>
  <system-out>
    <![CDATA[Different browsers and screen resolutions render it in the same way.]]>
  </system-out>
</testsuite> <!-- com.example.demo.Diffbrowser_Resolutn -->
