<?xml version="1.0" encoding="UTF-8"?>
<!-- Generated by org.testng.reporters.JUnitReportReporter -->
<testsuite hostname="LAPTOP-1FO1BQSA" failures="0" tests="1" name="com.example.demo.Navigate_Flipkart" time="46.455" errors="0" timestamp="2022-10-18T16:48:08 IST" skipped="0">
  <testcase classname="com.example.demo.Navigate_Flipkart" name="test1" time="46.455"/>
  <system-out>
    <![CDATA[Flipkart url matched!!
Flipkart title matched!!
Navigated to Flipkart!!]]>
  </system-out>
</testsuite> <!-- com.example.demo.Navigate_Flipkart -->
