<?xml version="1.0" encoding="UTF-8"?>
<!-- Generated by org.testng.reporters.JUnitReportReporter -->
<testsuite hostname="LAPTOP-1FO1BQSA" failures="0" tests="1" name="com.example.demo.Navigate_bottom" time="24.248" errors="0" timestamp="2022-10-18T17:08:18 IST" skipped="0">
  <testcase classname="com.example.demo.Navigate_bottom" name="test1" time="24.248"/>
  <system-out>
    <![CDATA[Navigates to the bottom of the page]]>
  </system-out>
</testsuite> <!-- com.example.demo.Navigate_bottom -->
