<?xml version="1.0" encoding="UTF-8"?>
<!-- Generated by org.testng.reporters.JUnitReportReporter -->
<testsuite hostname="LAPTOP-1FO1BQSA" failures="0" tests="1" name="com.example.demo.PageLoad" time="45.128" errors="0" timestamp="2022-10-18T16:48:08 IST" skipped="0">
  <testcase classname="com.example.demo.PageLoad" name="test1" time="45.128"/>
  <system-out>
    <![CDATA[Page load time exceeded the limit]]>
  </system-out>
</testsuite> <!-- com.example.demo.PageLoad -->
